[debug] [2021-02-07T11:44:59.095Z] ----------------------------------------------------------------------
[debug] [2021-02-07T11:44:59.097Z] Command:       C:\Program Files\nodejs\node.exe C:\Users\hp pc\AppData\Roaming\npm\node_modules\firebase-tools\lib\bin\firebase.js login
[debug] [2021-02-07T11:44:59.097Z] CLI Version:   9.3.0
[debug] [2021-02-07T11:44:59.097Z] Platform:      win32
[debug] [2021-02-07T11:44:59.097Z] Node Version:  v12.18.3
[debug] [2021-02-07T11:44:59.098Z] Time:          Sun Feb 07 2021 17:14:59 GMT+0530 (India Standard Time)
[debug] [2021-02-07T11:44:59.098Z] ----------------------------------------------------------------------
[debug] [2021-02-07T11:44:59.098Z] 
[info] i  Firebase optionally collects CLI usage and error reporting information to help improve our products. Data is collected in accordance with Google's privacy policy (https://policies.google.com/privacy) and is not used to identify you.
 
[info] i  To change your data collection preference at any time, run `firebase logout` and log in again. 
[info] 
[info] Visit this URL on this device to log in:
[info] https://accounts.google.com/o/oauth2/auth?client_id=563584335869-fgrhgmd47bqnekij5i8b5pr03ho849e6.apps.googleusercontent.com&scope=email%20openid%20https%3A%2F%2Fwww.googleapis.com%2Fauth%2Fcloudplatformprojects.readonly%20https%3A%2F%2Fwww.googleapis.com%2Fauth%2Ffirebase%20https%3A%2F%2Fwww.googleapis.com%2Fauth%2Fcloud-platform&response_type=code&state=578179035&redirect_uri=http%3A%2F%2Flocalhost%3A9005
[info] 
[info] Waiting for authentication...
[debug] [2021-02-07T11:46:46.700Z] Error: spawn cmd ENOENT
    at Process.ChildProcess._handle.onexit (internal/child_process.js:267:19)
    at onErrorNT (internal/child_process.js:469:16)
    at processTicksAndRejections (internal/process/task_queues.js:84:21)
[error] 
[error] Error: An unexpected error has occurred.
